Removed Pin From Net: NetName=NetLED4_2 Pin=U1-1
Removed Pin From Net: NetName=NetLED3_2 Pin=U1-2
Removed Pin From Net: NetName=NetLED2_2 Pin=U1-3
Removed Pin From Net: NetName=NetLED1_2 Pin=U1-4
Removed Pin From Net: NetName=NetLED8_2 Pin=U1-12
Removed Pin From Net: NetName=NetLED7_2 Pin=U1-13
Removed Pin From Net: NetName=NetLED6_2 Pin=U1-14
Removed Pin From Net: NetName=NetLED5_2 Pin=U1-15
Added Component: Designator=R1(RESC2013X70X40ML20T20)
Add component (AddParameter): Name = "Manufacturer"; Value = "Panasonic"; VariantName = "[No Variations]"
Add component (AddParameter): Name = "Part Number"; Value = "ERJ-6GEYJ201V"; VariantName = "[No Variations]"
Added Component: Designator=R2(RESC2013X70X40ML20T20)
Add component (AddParameter): Name = "Manufacturer"; Value = "Panasonic"; VariantName = "[No Variations]"
Add component (AddParameter): Name = "Part Number"; Value = "ERJ-6GEYJ201V"; VariantName = "[No Variations]"
Added Component: Designator=R3(RESC2013X70X40ML20T20)
Add component (AddParameter): Name = "Manufacturer"; Value = "Panasonic"; VariantName = "[No Variations]"
Add component (AddParameter): Name = "Part Number"; Value = "ERJ-6GEYJ201V"; VariantName = "[No Variations]"
Added Component: Designator=R4(RESC2013X70X40ML20T20)
Add component (AddParameter): Name = "Manufacturer"; Value = "Panasonic"; VariantName = "[No Variations]"
Add component (AddParameter): Name = "Part Number"; Value = "ERJ-6GEYJ201V"; VariantName = "[No Variations]"
Added Component: Designator=R5(RESC2013X70X40ML20T20)
Add component (AddParameter): Name = "Manufacturer"; Value = "Panasonic"; VariantName = "[No Variations]"
Add component (AddParameter): Name = "Part Number"; Value = "ERJ-6GEYJ201V"; VariantName = "[No Variations]"
Added Component: Designator=R6(RESC2013X70X40ML20T20)
Add component (AddParameter): Name = "Manufacturer"; Value = "Panasonic"; VariantName = "[No Variations]"
Add component (AddParameter): Name = "Part Number"; Value = "ERJ-6GEYJ201V"; VariantName = "[No Variations]"
Added Component: Designator=R7(RESC2013X70X40ML20T20)
Add component (AddParameter): Name = "Manufacturer"; Value = "Panasonic"; VariantName = "[No Variations]"
Add component (AddParameter): Name = "Part Number"; Value = "ERJ-6GEYJ201V"; VariantName = "[No Variations]"
Added Component: Designator=R8(RESC2013X70X40ML20T20)
Add component (AddParameter): Name = "Manufacturer"; Value = "Panasonic"; VariantName = "[No Variations]"
Add component (AddParameter): Name = "Part Number"; Value = "ERJ-6GEYJ201V"; VariantName = "[No Variations]"
Added Pin To Net: NetName=NetLED1_2 Pin=R1-2
Added Pin To Net: NetName=NetLED2_2 Pin=R2-2
Added Pin To Net: NetName=NetLED3_2 Pin=R3-2
Added Pin To Net: NetName=NetLED4_2 Pin=R4-2
Added Pin To Net: NetName=NetLED5_2 Pin=R5-2
Added Pin To Net: NetName=NetLED6_2 Pin=R6-2
Added Pin To Net: NetName=NetLED7_2 Pin=R7-2
Added Pin To Net: NetName=NetLED8_2 Pin=R8-2
Added Pin To Net: NetName=NetR1_1 Pin=R1-1
Added Pin To Net: NetName=NetR1_1 Pin=U1-4
Added Net: Name=NetR1_1
Added Pin To Net: NetName=NetR2_1 Pin=R2-1
Added Pin To Net: NetName=NetR2_1 Pin=U1-3
Added Net: Name=NetR2_1
Added Pin To Net: NetName=NetR3_1 Pin=R3-1
Added Pin To Net: NetName=NetR3_1 Pin=U1-2
Added Net: Name=NetR3_1
Added Pin To Net: NetName=NetR4_1 Pin=R4-1
Added Pin To Net: NetName=NetR4_1 Pin=U1-1
Added Net: Name=NetR4_1
Added Pin To Net: NetName=NetR5_1 Pin=R5-1
Added Pin To Net: NetName=NetR5_1 Pin=U1-15
Added Net: Name=NetR5_1
Added Pin To Net: NetName=NetR6_1 Pin=R6-1
Added Pin To Net: NetName=NetR6_1 Pin=U1-14
Added Net: Name=NetR6_1
Added Pin To Net: NetName=NetR7_1 Pin=R7-1
Added Pin To Net: NetName=NetR7_1 Pin=U1-13
Added Net: Name=NetR7_1
Added Pin To Net: NetName=NetR8_1 Pin=R8-1
Added Pin To Net: NetName=NetR8_1 Pin=U1-12
Added Net: Name=NetR8_1
Added Member To Class: ClassName=88LM Schematic Member=Component R1 ERJ-6GEYJ201V
Added Member To Class: ClassName=88LM Schematic Member=Component R2 ERJ-6GEYJ201V
Added Member To Class: ClassName=88LM Schematic Member=Component R3 ERJ-6GEYJ201V
Added Member To Class: ClassName=88LM Schematic Member=Component R4 ERJ-6GEYJ201V
Added Member To Class: ClassName=88LM Schematic Member=Component R5 ERJ-6GEYJ201V
Added Member To Class: ClassName=88LM Schematic Member=Component R6 ERJ-6GEYJ201V
Added Member To Class: ClassName=88LM Schematic Member=Component R7 ERJ-6GEYJ201V
Added Member To Class: ClassName=88LM Schematic Member=Component R8 ERJ-6GEYJ201V
Added Room: Name=88LM Schematic
